Performing C SOURCE FILE Test CMAKE_HAVE_LIBC_PTHREAD failed with the following output:
Change Dir: /home/zhuji/drone_ws/src/AAMED/cmake-build/CMakeFiles/CMakeTmp

Run Build Command(s):/usr/bin/make cmTC_67236/fast && make[1]: 进入目录“/home/zhuji/drone_ws/src/AAMED/cmake-build/CMakeFiles/CMakeTmp”
/usr/bin/make -f CMakeFiles/cmTC_67236.dir/build.make CMakeFiles/cmTC_67236.dir/build
make[2]: 进入目录“/home/zhuji/drone_ws/src/AAMED/cmake-build/CMakeFiles/CMakeTmp”
Building C object CMakeFiles/cmTC_67236.dir/src.c.o
/usr/bin/cc   -DCMAKE_HAVE_LIBC_PTHREAD   -o CMakeFiles/cmTC_67236.dir/src.c.o   -c /home/zhuji/drone_ws/src/AAMED/cmake-build/CMakeFiles/CMakeTmp/src.c
Linking C executable cmTC_67236
/usr/bin/cmake -E cmake_link_script CMakeFiles/cmTC_67236.dir/link.txt --verbose=1
/usr/bin/cc  -DCMAKE_HAVE_LIBC_PTHREAD    CMakeFiles/cmTC_67236.dir/src.c.o  -o cmTC_67236 
/usr/bin/ld: CMakeFiles/cmTC_67236.dir/src.c.o: in function `main':
src.c:(.text+0x46): undefined reference to `pthread_create'
/usr/bin/ld: src.c:(.text+0x52): undefined reference to `pthread_detach'
/usr/bin/ld: src.c:(.text+0x63): undefined reference to `pthread_join'
collect2: error: ld returned 1 exit status
make[2]: *** [CMakeFiles/cmTC_67236.dir/build.make:87：cmTC_67236] 错误 1
make[2]: 离开目录“/home/zhuji/drone_ws/src/AAMED/cmake-build/CMakeFiles/CMakeTmp”
make[1]: *** [Makefile:121：cmTC_67236/fast] 错误 2
make[1]: 离开目录“/home/zhuji/drone_ws/src/AAMED/cmake-build/CMakeFiles/CMakeTmp”


Source file was:
#include <pthread.h>

void* test_func(void* data)
{
  return data;
}

int main(void)
{
  pthread_t thread;
  pthread_create(&thread, NULL, test_func, NULL);
  pthread_detach(thread);
  pthread_join(thread, NULL);
  pthread_atfork(NULL, NULL, NULL);
  pthread_exit(NULL);

  return 0;
}

Determining if the function pthread_create exists in the pthreads failed with the following output:
Change Dir: /home/zhuji/drone_ws/src/AAMED/cmake-build/CMakeFiles/CMakeTmp

Run Build Command(s):/usr/bin/make cmTC_32199/fast && make[1]: 进入目录“/home/zhuji/drone_ws/src/AAMED/cmake-build/CMakeFiles/CMakeTmp”
/usr/bin/make -f CMakeFiles/cmTC_32199.dir/build.make CMakeFiles/cmTC_32199.dir/build
make[2]: 进入目录“/home/zhuji/drone_ws/src/AAMED/cmake-build/CMakeFiles/CMakeTmp”
Building C object CMakeFiles/cmTC_32199.dir/CheckFunctionExists.c.o
/usr/bin/cc   -DCHECK_FUNCTION_EXISTS=pthread_create   -o CMakeFiles/cmTC_32199.dir/CheckFunctionExists.c.o   -c /usr/share/cmake-3.16/Modules/CheckFunctionExists.c
Linking C executable cmTC_32199
/usr/bin/cmake -E cmake_link_script CMakeFiles/cmTC_32199.dir/link.txt --verbose=1
/usr/bin/cc  -DCHECK_FUNCTION_EXISTS=pthread_create    CMakeFiles/cmTC_32199.dir/CheckFunctionExists.c.o  -o cmTC_32199  -lpthreads 
/usr/bin/ld: 找不到 -lpthreads
collect2: error: ld returned 1 exit status
make[2]: *** [CMakeFiles/cmTC_32199.dir/build.make:87：cmTC_32199] 错误 1
make[2]: 离开目录“/home/zhuji/drone_ws/src/AAMED/cmake-build/CMakeFiles/CMakeTmp”
make[1]: *** [Makefile:121：cmTC_32199/fast] 错误 2
make[1]: 离开目录“/home/zhuji/drone_ws/src/AAMED/cmake-build/CMakeFiles/CMakeTmp”



Performing C SOURCE FILE Test CMAKE_HAVE_LIBC_PTHREAD failed with the following output:
Change Dir: /home/zhuji/drone_ws/src/AAMED/cmake-build/CMakeFiles/CMakeTmp

Run Build Command(s):/usr/bin/make cmTC_d693e/fast && make[1]: 进入目录“/home/zhuji/drone_ws/src/AAMED/cmake-build/CMakeFiles/CMakeTmp”
/usr/bin/make -f CMakeFiles/cmTC_d693e.dir/build.make CMakeFiles/cmTC_d693e.dir/build
make[2]: 进入目录“/home/zhuji/drone_ws/src/AAMED/cmake-build/CMakeFiles/CMakeTmp”
Building C object CMakeFiles/cmTC_d693e.dir/src.c.o
/usr/bin/cc   -DCMAKE_HAVE_LIBC_PTHREAD   -o CMakeFiles/cmTC_d693e.dir/src.c.o   -c /home/zhuji/drone_ws/src/AAMED/cmake-build/CMakeFiles/CMakeTmp/src.c
Linking C executable cmTC_d693e
/usr/bin/cmake -E cmake_link_script CMakeFiles/cmTC_d693e.dir/link.txt --verbose=1
/usr/bin/cc  -DCMAKE_HAVE_LIBC_PTHREAD    CMakeFiles/cmTC_d693e.dir/src.c.o  -o cmTC_d693e 
/usr/bin/ld: CMakeFiles/cmTC_d693e.dir/src.c.o: in function `main':
src.c:(.text+0x46): undefined reference to `pthread_create'
/usr/bin/ld: src.c:(.text+0x52): undefined reference to `pthread_detach'
/usr/bin/ld: src.c:(.text+0x63): undefined reference to `pthread_join'
collect2: error: ld returned 1 exit status
make[2]: *** [CMakeFiles/cmTC_d693e.dir/build.make:87：cmTC_d693e] 错误 1
make[2]: 离开目录“/home/zhuji/drone_ws/src/AAMED/cmake-build/CMakeFiles/CMakeTmp”
make[1]: *** [Makefile:121：cmTC_d693e/fast] 错误 2
make[1]: 离开目录“/home/zhuji/drone_ws/src/AAMED/cmake-build/CMakeFiles/CMakeTmp”


Source file was:
#include <pthread.h>

void* test_func(void* data)
{
  return data;
}

int main(void)
{
  pthread_t thread;
  pthread_create(&thread, NULL, test_func, NULL);
  pthread_detach(thread);
  pthread_join(thread, NULL);
  pthread_atfork(NULL, NULL, NULL);
  pthread_exit(NULL);

  return 0;
}

Determining if the function pthread_create exists in the pthreads failed with the following output:
Change Dir: /home/zhuji/drone_ws/src/AAMED/cmake-build/CMakeFiles/CMakeTmp

Run Build Command(s):/usr/bin/make cmTC_057ce/fast && make[1]: 进入目录“/home/zhuji/drone_ws/src/AAMED/cmake-build/CMakeFiles/CMakeTmp”
/usr/bin/make -f CMakeFiles/cmTC_057ce.dir/build.make CMakeFiles/cmTC_057ce.dir/build
make[2]: 进入目录“/home/zhuji/drone_ws/src/AAMED/cmake-build/CMakeFiles/CMakeTmp”
Building C object CMakeFiles/cmTC_057ce.dir/CheckFunctionExists.c.o
/usr/bin/cc   -DCHECK_FUNCTION_EXISTS=pthread_create   -o CMakeFiles/cmTC_057ce.dir/CheckFunctionExists.c.o   -c /usr/share/cmake-3.16/Modules/CheckFunctionExists.c
Linking C executable cmTC_057ce
/usr/bin/cmake -E cmake_link_script CMakeFiles/cmTC_057ce.dir/link.txt --verbose=1
/usr/bin/cc  -DCHECK_FUNCTION_EXISTS=pthread_create    CMakeFiles/cmTC_057ce.dir/CheckFunctionExists.c.o  -o cmTC_057ce  -lpthreads 
/usr/bin/ld: 找不到 -lpthreads
collect2: error: ld returned 1 exit status
make[2]: *** [CMakeFiles/cmTC_057ce.dir/build.make:87：cmTC_057ce] 错误 1
make[2]: 离开目录“/home/zhuji/drone_ws/src/AAMED/cmake-build/CMakeFiles/CMakeTmp”
make[1]: *** [Makefile:121：cmTC_057ce/fast] 错误 2
make[1]: 离开目录“/home/zhuji/drone_ws/src/AAMED/cmake-build/CMakeFiles/CMakeTmp”



Performing C SOURCE FILE Test CMAKE_HAVE_LIBC_PTHREAD failed with the following output:
Change Dir: /home/zhuji/drone_ws/src/AAMED/cmake-build/CMakeFiles/CMakeTmp

Run Build Command(s):/usr/bin/make cmTC_16f19/fast && /usr/bin/make -f CMakeFiles/cmTC_16f19.dir/build.make CMakeFiles/cmTC_16f19.dir/build
make[1]: 进入目录“/home/zhuji/drone_ws/src/AAMED/cmake-build/CMakeFiles/CMakeTmp”
Building C object CMakeFiles/cmTC_16f19.dir/src.c.o
/usr/bin/cc   -DCMAKE_HAVE_LIBC_PTHREAD   -o CMakeFiles/cmTC_16f19.dir/src.c.o   -c /home/zhuji/drone_ws/src/AAMED/cmake-build/CMakeFiles/CMakeTmp/src.c
Linking C executable cmTC_16f19
/usr/bin/cmake -E cmake_link_script CMakeFiles/cmTC_16f19.dir/link.txt --verbose=1
/usr/bin/cc  -DCMAKE_HAVE_LIBC_PTHREAD    CMakeFiles/cmTC_16f19.dir/src.c.o  -o cmTC_16f19 
/usr/bin/ld: CMakeFiles/cmTC_16f19.dir/src.c.o: in function `main':
src.c:(.text+0x46): undefined reference to `pthread_create'
/usr/bin/ld: src.c:(.text+0x52): undefined reference to `pthread_detach'
/usr/bin/ld: src.c:(.text+0x63): undefined reference to `pthread_join'
collect2: error: ld returned 1 exit status
make[1]: *** [CMakeFiles/cmTC_16f19.dir/build.make:87：cmTC_16f19] 错误 1
make[1]: 离开目录“/home/zhuji/drone_ws/src/AAMED/cmake-build/CMakeFiles/CMakeTmp”
make: *** [Makefile:121：cmTC_16f19/fast] 错误 2


Source file was:
#include <pthread.h>

void* test_func(void* data)
{
  return data;
}

int main(void)
{
  pthread_t thread;
  pthread_create(&thread, NULL, test_func, NULL);
  pthread_detach(thread);
  pthread_join(thread, NULL);
  pthread_atfork(NULL, NULL, NULL);
  pthread_exit(NULL);

  return 0;
}

Determining if the function pthread_create exists in the pthreads failed with the following output:
Change Dir: /home/zhuji/drone_ws/src/AAMED/cmake-build/CMakeFiles/CMakeTmp

Run Build Command(s):/usr/bin/make cmTC_582aa/fast && /usr/bin/make -f CMakeFiles/cmTC_582aa.dir/build.make CMakeFiles/cmTC_582aa.dir/build
make[1]: 进入目录“/home/zhuji/drone_ws/src/AAMED/cmake-build/CMakeFiles/CMakeTmp”
Building C object CMakeFiles/cmTC_582aa.dir/CheckFunctionExists.c.o
/usr/bin/cc   -DCHECK_FUNCTION_EXISTS=pthread_create   -o CMakeFiles/cmTC_582aa.dir/CheckFunctionExists.c.o   -c /usr/share/cmake-3.16/Modules/CheckFunctionExists.c
Linking C executable cmTC_582aa
/usr/bin/cmake -E cmake_link_script CMakeFiles/cmTC_582aa.dir/link.txt --verbose=1
/usr/bin/cc  -DCHECK_FUNCTION_EXISTS=pthread_create    CMakeFiles/cmTC_582aa.dir/CheckFunctionExists.c.o  -o cmTC_582aa  -lpthreads 
/usr/bin/ld: 找不到 -lpthreads
collect2: error: ld returned 1 exit status
make[1]: *** [CMakeFiles/cmTC_582aa.dir/build.make:87：cmTC_582aa] 错误 1
make[1]: 离开目录“/home/zhuji/drone_ws/src/AAMED/cmake-build/CMakeFiles/CMakeTmp”
make: *** [Makefile:121：cmTC_582aa/fast] 错误 2



Performing C SOURCE FILE Test CMAKE_HAVE_LIBC_PTHREAD failed with the following output:
Change Dir: /home/zhuji/drone_ws/src/camera/include/AAMED/cmake-build/CMakeFiles/CMakeTmp

Run Build Command(s):/usr/bin/make cmTC_af0ff/fast && /usr/bin/make -f CMakeFiles/cmTC_af0ff.dir/build.make CMakeFiles/cmTC_af0ff.dir/build
make[1]: 进入目录“/home/zhuji/drone_ws/src/camera/include/AAMED/cmake-build/CMakeFiles/CMakeTmp”
Building C object CMakeFiles/cmTC_af0ff.dir/src.c.o
/usr/bin/cc   -DCMAKE_HAVE_LIBC_PTHREAD   -o CMakeFiles/cmTC_af0ff.dir/src.c.o   -c /home/zhuji/drone_ws/src/camera/include/AAMED/cmake-build/CMakeFiles/CMakeTmp/src.c
Linking C executable cmTC_af0ff
/usr/bin/cmake -E cmake_link_script CMakeFiles/cmTC_af0ff.dir/link.txt --verbose=1
/usr/bin/cc  -DCMAKE_HAVE_LIBC_PTHREAD    CMakeFiles/cmTC_af0ff.dir/src.c.o  -o cmTC_af0ff 
/usr/bin/ld: CMakeFiles/cmTC_af0ff.dir/src.c.o: in function `main':
src.c:(.text+0x46): undefined reference to `pthread_create'
/usr/bin/ld: src.c:(.text+0x52): undefined reference to `pthread_detach'
/usr/bin/ld: src.c:(.text+0x63): undefined reference to `pthread_join'
collect2: error: ld returned 1 exit status
make[1]: *** [CMakeFiles/cmTC_af0ff.dir/build.make:87：cmTC_af0ff] 错误 1
make[1]: 离开目录“/home/zhuji/drone_ws/src/camera/include/AAMED/cmake-build/CMakeFiles/CMakeTmp”
make: *** [Makefile:121：cmTC_af0ff/fast] 错误 2


Source file was:
#include <pthread.h>

void* test_func(void* data)
{
  return data;
}

int main(void)
{
  pthread_t thread;
  pthread_create(&thread, NULL, test_func, NULL);
  pthread_detach(thread);
  pthread_join(thread, NULL);
  pthread_atfork(NULL, NULL, NULL);
  pthread_exit(NULL);

  return 0;
}

Determining if the function pthread_create exists in the pthreads failed with the following output:
Change Dir: /home/zhuji/drone_ws/src/camera/include/AAMED/cmake-build/CMakeFiles/CMakeTmp

Run Build Command(s):/usr/bin/make cmTC_e7c11/fast && /usr/bin/make -f CMakeFiles/cmTC_e7c11.dir/build.make CMakeFiles/cmTC_e7c11.dir/build
make[1]: 进入目录“/home/zhuji/drone_ws/src/camera/include/AAMED/cmake-build/CMakeFiles/CMakeTmp”
Building C object CMakeFiles/cmTC_e7c11.dir/CheckFunctionExists.c.o
/usr/bin/cc   -DCHECK_FUNCTION_EXISTS=pthread_create   -o CMakeFiles/cmTC_e7c11.dir/CheckFunctionExists.c.o   -c /usr/share/cmake-3.16/Modules/CheckFunctionExists.c
Linking C executable cmTC_e7c11
/usr/bin/cmake -E cmake_link_script CMakeFiles/cmTC_e7c11.dir/link.txt --verbose=1
/usr/bin/cc  -DCHECK_FUNCTION_EXISTS=pthread_create    CMakeFiles/cmTC_e7c11.dir/CheckFunctionExists.c.o  -o cmTC_e7c11  -lpthreads 
/usr/bin/ld: 找不到 -lpthreads
collect2: error: ld returned 1 exit status
make[1]: *** [CMakeFiles/cmTC_e7c11.dir/build.make:87：cmTC_e7c11] 错误 1
make[1]: 离开目录“/home/zhuji/drone_ws/src/camera/include/AAMED/cmake-build/CMakeFiles/CMakeTmp”
make: *** [Makefile:121：cmTC_e7c11/fast] 错误 2



