Performing C++ SOURCE FILE Test CMAKE_HAVE_LIBC_PTHREAD failed with the following output:
Change Dir: /home/rmuc3/zj_ws/drone_ws/src/mini_perception-main/build/CMakeFiles/CMakeTmp

Run Build Command(s):/usr/bin/make cmTC_ecf52/fast && /usr/bin/make -f CMakeFiles/cmTC_ecf52.dir/build.make CMakeFiles/cmTC_ecf52.dir/build
make[1]: Entering directory '/home/rmuc3/zj_ws/drone_ws/src/mini_perception-main/build/CMakeFiles/CMakeTmp'
Building CXX object CMakeFiles/cmTC_ecf52.dir/src.cxx.o
/usr/bin/c++    -DCMAKE_HAVE_LIBC_PTHREAD   -std=gnu++11 -o CMakeFiles/cmTC_ecf52.dir/src.cxx.o -c /home/rmuc3/zj_ws/drone_ws/src/mini_perception-main/build/CMakeFiles/CMakeTmp/src.cxx
Linking CXX executable cmTC_ecf52
/usr/bin/cmake -E cmake_link_script CMakeFiles/cmTC_ecf52.dir/link.txt --verbose=1
/usr/bin/c++   -DCMAKE_HAVE_LIBC_PTHREAD    CMakeFiles/cmTC_ecf52.dir/src.cxx.o  -o cmTC_ecf52 
/usr/bin/ld: CMakeFiles/cmTC_ecf52.dir/src.cxx.o: in function `main':
src.cxx:(.text+0x46): undefined reference to `pthread_create'
/usr/bin/ld: src.cxx:(.text+0x52): undefined reference to `pthread_detach'
/usr/bin/ld: src.cxx:(.text+0x63): undefined reference to `pthread_join'
collect2: error: ld returned 1 exit status
make[1]: *** [CMakeFiles/cmTC_ecf52.dir/build.make:87: cmTC_ecf52] Error 1
make[1]: Leaving directory '/home/rmuc3/zj_ws/drone_ws/src/mini_perception-main/build/CMakeFiles/CMakeTmp'
make: *** [Makefile:121: cmTC_ecf52/fast] Error 2


Source file was:
#include <pthread.h>

void* test_func(void* data)
{
  return data;
}

int main(void)
{
  pthread_t thread;
  pthread_create(&thread, NULL, test_func, NULL);
  pthread_detach(thread);
  pthread_join(thread, NULL);
  pthread_atfork(NULL, NULL, NULL);
  pthread_exit(NULL);

  return 0;
}

Determining if the function pthread_create exists in the pthreads failed with the following output:
Change Dir: /home/rmuc3/zj_ws/drone_ws/src/mini_perception-main/build/CMakeFiles/CMakeTmp

Run Build Command(s):/usr/bin/make cmTC_a81f2/fast && /usr/bin/make -f CMakeFiles/cmTC_a81f2.dir/build.make CMakeFiles/cmTC_a81f2.dir/build
make[1]: Entering directory '/home/rmuc3/zj_ws/drone_ws/src/mini_perception-main/build/CMakeFiles/CMakeTmp'
Building CXX object CMakeFiles/cmTC_a81f2.dir/CheckFunctionExists.cxx.o
/usr/bin/c++    -DCHECK_FUNCTION_EXISTS=pthread_create   -std=gnu++11 -o CMakeFiles/cmTC_a81f2.dir/CheckFunctionExists.cxx.o -c /home/rmuc3/zj_ws/drone_ws/src/mini_perception-main/build/CMakeFiles/CheckLibraryExists/CheckFunctionExists.cxx
Linking CXX executable cmTC_a81f2
/usr/bin/cmake -E cmake_link_script CMakeFiles/cmTC_a81f2.dir/link.txt --verbose=1
/usr/bin/c++   -DCHECK_FUNCTION_EXISTS=pthread_create    CMakeFiles/cmTC_a81f2.dir/CheckFunctionExists.cxx.o  -o cmTC_a81f2  -lpthreads 
/usr/bin/ld: cannot find -lpthreads
collect2: error: ld returned 1 exit status
make[1]: *** [CMakeFiles/cmTC_a81f2.dir/build.make:87: cmTC_a81f2] Error 1
make[1]: Leaving directory '/home/rmuc3/zj_ws/drone_ws/src/mini_perception-main/build/CMakeFiles/CMakeTmp'
make: *** [Makefile:121: cmTC_a81f2/fast] Error 2



